<?xml version="1.0" encoding="UTF-8"?>
<!-- Generated by org.testng.reporters.JUnitReportReporter -->
<testsuite skipped="0" hostname="342-nb-fcrr8s2" name="testPack.testrun" tests="1" failures="0" timestamp="30 Jul 2019 10:18:18 GMT" time="4.086" errors="0">
  <testcase name="testEasy" time="4.086" classname="testPack.testrun"/>
</testsuite> <!-- testPack.testrun -->
